  AnimatedSprite.cpp
C:\Users\Callum\Documents\GitHub\VisualStudio\SlowTrains\SlowTrains\AnimatedSprite.cpp(48,36): warning C4244: '=': conversion from 'Uint64' to 'int', possible loss of data
  GameManager.cpp
  Loader.cpp
C:\Users\Callum\Documents\GitHub\VisualStudio\SlowTrains\SlowTrains\Loader.cpp(17,49): warning C4267: 'initializing': conversion from 'size_t' to 'int', possible loss of data
C:\Users\Callum\Documents\GitHub\VisualStudio\SlowTrains\SlowTrains\Loader.cpp(18,62): warning C4267: 'initializing': conversion from 'size_t' to 'int', possible loss of data
C:\Users\Callum\Documents\GitHub\VisualStudio\SlowTrains\SlowTrains\Loader.cpp(19,55): warning C4267: 'initializing': conversion from 'size_t' to 'int', possible loss of data
C:\Users\Callum\Documents\GitHub\VisualStudio\SlowTrains\SlowTrains\Loader.cpp(59,22): warning C4267: 'return': conversion from 'size_t' to 'int', possible loss of data
  ParallaxLayer.cpp
C:\Users\Callum\Documents\GitHub\VisualStudio\SlowTrains\SlowTrains\ParallaxLayer.cpp(28,35): warning C4244: '=': conversion from 'Uint64' to 'int', possible loss of data
C:\Users\Callum\Documents\GitHub\VisualStudio\SlowTrains\SlowTrains\ParallaxLayer.cpp(29,17): warning C4244: '-=': conversion from 'float' to 'int', possible loss of data
C:\Users\Callum\Documents\GitHub\VisualStudio\SlowTrains\SlowTrains\ParallaxLayer.cpp(48,10): warning C4244: '=': conversion from 'int' to 'float', possible loss of data
  ParticleSystem.cpp
C:\Users\Callum\Documents\GitHub\VisualStudio\SlowTrains\SlowTrains\ParticleSystem.cpp(28,31): warning C4244: '=': conversion from 'Uint64' to 'int', possible loss of data
C:\Users\Callum\Documents\GitHub\VisualStudio\SlowTrains\SlowTrains\ParticleSystem.cpp(49,34): warning C4244: '=': conversion from 'Uint64' to 'int', possible loss of data
C:\Users\Callum\Documents\GitHub\VisualStudio\SlowTrains\SlowTrains\ParticleSystem.cpp(52,36): warning C4244: '=': conversion from 'Uint64' to 'int', possible loss of data
  Source.cpp
C:\Users\Callum\Documents\GitHub\VisualStudio\SlowTrains\SlowTrains\Source.cpp(89,27): warning C4305: 'initializing': truncation from 'double' to 'float'
C:\Users\Callum\Documents\GitHub\VisualStudio\SlowTrains\SlowTrains\Source.cpp(90,27): warning C4305: 'initializing': truncation from 'double' to 'float'
C:\Users\Callum\Documents\GitHub\VisualStudio\SlowTrains\SlowTrains\Source.cpp(91,27): warning C4305: 'initializing': truncation from 'double' to 'float'
C:\Users\Callum\Documents\GitHub\VisualStudio\SlowTrains\SlowTrains\Source.cpp(93,32): warning C4305: 'initializing': truncation from 'double' to 'float'
  Sprite.cpp
  UI.cpp
  Generating Code...
  SlowTrains.vcxproj -> C:\Users\Callum\Documents\GitHub\VisualStudio\SlowTrains\x64\Debug\SlowTrains.exe
